{"/Users/stephenmartinez/projects/401/caps/driver/handleDriver.js": {"path":"/Users/stephenmartinez/projects/401/caps/driver/handleDriver.js","statementMap":{"0":{"start":{"line":3,"column":18},"end":{"line":3,"column":41}},"1":{"start":{"line":5,"column":0},"end":{"line":14,"column":2}},"2":{"start":{"line":7,"column":4},"end":{"line":7,"column":63}},"3":{"start":{"line":8,"column":4},"end":{"line":8,"column":64}},"4":{"start":{"line":9,"column":4},"end":{"line":9,"column":42}},"5":{"start":{"line":10,"column":4},"end":{"line":10,"column":64}},"6":{"start":{"line":11,"column":4},"end":{"line":11,"column":41}},"7":{"start":{"line":12,"column":4},"end":{"line":12,"column":50}}},"fnMap":{"0":{"name":"(anonymous_0)","decl":{"start":{"line":6,"column":14},"end":{"line":6,"column":15}},"loc":{"start":{"line":6,"column":27},"end":{"line":13,"column":3}},"line":6}},"branchMap":{},"s":{"0":1,"1":1,"2":3,"3":3,"4":3,"5":3,"6":3,"7":3},"f":{"0":3},"b":{},"_coverageSchema":"1a1c01bbd47fc00a2c39e90264f33305004495a9","hash":"39f3fda619f38c826eb816918df9346b2ce750a9"}
,"/Users/stephenmartinez/projects/401/caps/vendor/handleVendor.js": {"path":"/Users/stephenmartinez/projects/401/caps/vendor/handleVendor.js","statementMap":{"0":{"start":{"line":3,"column":18},"end":{"line":3,"column":41}},"1":{"start":{"line":4,"column":15},"end":{"line":4,"column":32}},"2":{"start":{"line":5,"column":15},"end":{"line":5,"column":27}},"3":{"start":{"line":19,"column":0},"end":{"line":21,"column":1}},"4":{"start":{"line":20,"column":2},"end":{"line":20,"column":60}}},"fnMap":{"0":{"name":"(anonymous_0)","decl":{"start":{"line":19,"column":17},"end":{"line":19,"column":18}},"loc":{"start":{"line":19,"column":29},"end":{"line":21,"column":1}},"line":19}},"branchMap":{},"s":{"0":1,"1":1,"2":1,"3":1,"4":0},"f":{"0":0},"b":{},"_coverageSchema":"1a1c01bbd47fc00a2c39e90264f33305004495a9","hash":"666e2517e2a8f36bc8671bbe73ae5aeb73d9d571"}
}
